BUILD: Computing Include file dependencies:
BUILD: d:\program files\microsoft visual studio\vc98\include\dtchelp.h(50): last line incomplete
BUILD: d:\program files\microsoft visual studio\vc98\include\exchinst.h(478): last line incomplete
BUILD: d:\program files\microsoft visual studio\vc98\include\ipxtfflt.h(71): last line incomplete
BUILD: d:\program files\microsoft visual studio\vc98\include\packet.h(63): last line incomplete
BUILD: d:\program files\microsoft visual studio\vc98\include\protocol.h(39): last line incomplete
BUILD: d:\program files\microsoft visual studio\vc98\include\rmfacade.h(170): last line incomplete
BUILD: d:\program files\microsoft visual studio\vc98\include\rnderr.h(11): last line incomplete
BUILD: d:\program files\microsoft visual studio\vc98\include\sdperr.h(67): last line incomplete
BUILD: d:\program files\microsoft visual studio\vc98\include\snanls.h(141): last line incomplete
BUILD: d:\program files\microsoft visual studio\vc98\include\sporder.h(78): last line incomplete
BUILD: d:\program files\microsoft visual studio\vc98\include\wrpguid.h(42): last line incomplete
BUILD: d:\program files\microsoft visual studio\vc98\atl\include\atlsnap.h(1638): last line incomplete
BUILD: Examining f:\winio\drv\nt directory for files to compile.
BUILD: f:\winio\drv\nt\winio.c: cannot find include file <ntddk.h>
Linking f:\winio\drv\nt directory ********************
'nmake.exe /c BUILDMSG=Stop. -i LINKONLY=1 NOPASS0=1 NTTEST= UMTEST= 386=1'
	link -out:.\i386\checked\WinIo.sys -machine:i386 @C:\WINNT\Profiles\ADMINI~1\LOCALS~1\Temp\nma00272.
Microsoft (R) Incremental Linker Version 6.00.8447
Copyright (C) Microsoft Corp 1992-1998. All rights reserved.

-MERGE:_PAGE=PAGE 
-MERGE:_TEXT=.text 
-SECTION:INIT,d 
-OPT:REF 
-INCREMENTAL:NO 
-FORCE:MULTIPLE 
-RELEASE 
-FULLBUILD 
-IGNORE:4001,4037,4039,4065,4070,4078,4087,4089,4096 
-NODEFAULTLIB 
-debug:notmapped,FULL 
-debugtype:both 
-version:4.00 
-osversion:4.00 
-PDB:NONE 
-MERGE:.rdata=.text 
-optidata 
-driver 
-align:0x20 
-subsystem:native,4.00 
-base:0x10000 
-entry:DriverEntry@8 
-out:.\i386\checked\WinIo.sys 
obj\i386\winio.obj 
D:\DDK\lib\i386\checked\int64.lib 
D:\DDK\lib\i386\checked\ntoskrnl.lib 
D:\DDK\lib\i386\checked\hal.lib 

Stop. 
